001 	 SPAM 	 1 
002 	 SPAM 	 1 
003 	 SPAM 	 1 
004 	 SPAM 	 1 
005 	 SPAM 	 1 
006 	 SPAM 	 1 
007 	 SPAM 	 1 
008 	 SPAM 	 1 
009 	 SPAM 	 1 
010 	 SPAM 	 1 
011 	 SPAM 	 1 
012 	 SPAM 	 1 
013 	 SPAM 	 1 
014 	 SPAM 	 1 
015 	 SPAM 	 1 
016 	 SPAM 	 1 
017 	 SPAM 	 1 
018 	 SPAM 	 1 
019 	 SPAM 	 1 
020 	 SPAM 	 1 
021 	 SPAM 	 1 
022 	 SPAM 	 1 
023 	 SPAM 	 1 
024 	 SPAM 	 1 
025 	 SPAM 	 1 
026 	 SPAM 	 1 
027 	 SPAM 	 1 
028 	 SPAM 	 1 
029 	 SPAM 	 1 
030 	 SPAM 	 1 
031 	 SPAM 	 1 
032 	 SPAM 	 1 
033 	 SPAM 	 1 
034 	 SPAM 	 1 
035 	 SPAM 	 1 
036 	 SPAM 	 1 
037 	 SPAM 	 1 
038 	 SPAM 	 1 
039 	 SPAM 	 1 
040 	 SPAM 	 1 
041 	 SPAM 	 1 
042 	 SPAM 	 1 
043 	 SPAM 	 1 
044 	 SPAM 	 1 
045 	 SPAM 	 1 
046 	 SPAM 	 1 
047 	 SPAM 	 1 
048 	 SPAM 	 1 
049 	 SPAM 	 1 
050 	 SPAM 	 1 
051 	 SPAM 	 1 
052 	 SPAM 	 1 
053 	 SPAM 	 1 
054 	 SPAM 	 1 
055 	 SPAM 	 1 
056 	 SPAM 	 1 
057 	 SPAM 	 1 
058 	 SPAM 	 1 
059 	 SPAM 	 1 
060 	 SPAM 	 1 
061 	 SPAM 	 1 
062 	 SPAM 	 1 
063 	 SPAM 	 1 
064 	 SPAM 	 1 
065 	 SPAM 	 1 
066 	 SPAM 	 1 
067 	 SPAM 	 1 
068 	 SPAM 	 1 
069 	 SPAM 	 1 
070 	 SPAM 	 1 
071 	 SPAM 	 1 
072 	 SPAM 	 1 
073 	 SPAM 	 1 
074 	 SPAM 	 1 
075 	 SPAM 	 1 
076 	 SPAM 	 1 
077 	 SPAM 	 1 
078 	 SPAM 	 1 
079 	 SPAM 	 1 
080 	 SPAM 	 1 
081 	 SPAM 	 1 
082 	 SPAM 	 1 
083 	 SPAM 	 1 
084 	 SPAM 	 1 
085 	 SPAM 	 1 
086 	 SPAM 	 1 
087 	 SPAM 	 1 
088 	 SPAM 	 1 
089 	 SPAM 	 1 
090 	 SPAM 	 1 
091 	 SPAM 	 1 
092 	 SPAM 	 1 
093 	 SPAM 	 1 
094 	 SPAM 	 1 
095 	 SPAM 	 1 
096 	 SPAM 	 1 
097 	 SPAM 	 1 
098 	 SPAM 	 1 
099 	 SPAM 	 1 
100 	 SPAM 	 1 
101 	 SPAM 	 1 
102 	 SPAM 	 1 
103 	 SPAM 	 1 
104 	 SPAM 	 1 
105 	 SPAM 	 1 
106 	 SPAM 	 1 
107 	 SPAM 	 1 
108 	 SPAM 	 1 
109 	 SPAM 	 1 
110 	 SPAM 	 1 
111 	 SPAM 	 1 
112 	 SPAM 	 1 
113 	 SPAM 	 1 
114 	 SPAM 	 1 
115 	 SPAM 	 1 
116 	 SPAM 	 1 
117 	 SPAM 	 1 
118 	 SPAM 	 1 
119 	 SPAM 	 1 
120 	 SPAM 	 1 
121 	 SPAM 	 1 
122 	 SPAM 	 1 
123 	 SPAM 	 1 
124 	 SPAM 	 1 
125 	 SPAM 	 1 
126 	 SPAM 	 1 
127 	 SPAM 	 1 
128 	 SPAM 	 1 
129 	 SPAM 	 1 
130 	 SPAM 	 1 
131 	 SPAM 	 1 
132 	 SPAM 	 1 
133 	 SPAM 	 1 
134 	 SPAM 	 1 
135 	 SPAM 	 1 
136 	 SPAM 	 1 
137 	 SPAM 	 1 
138 	 SPAM 	 1 
139 	 SPAM 	 1 
140 	 SPAM 	 1 
141 	 SPAM 	 1 
142 	 SPAM 	 1 
143 	 SPAM 	 1 
144 	 SPAM 	 1 
145 	 SPAM 	 1 
146 	 SPAM 	 1 
147 	 SPAM 	 1 
148 	 SPAM 	 1 
149 	 SPAM 	 1 
150 	 SPAM 	 1 
151 	 SPAM 	 1 
152 	 SPAM 	 1 
153 	 SPAM 	 1 
154 	 SPAM 	 1 
155 	 SPAM 	 1 
156 	 SPAM 	 1 
157 	 SPAM 	 1 
158 	 SPAM 	 1 
159 	 SPAM 	 1 
160 	 SPAM 	 1 
161 	 SPAM 	 1 
162 	 SPAM 	 1 
163 	 SPAM 	 1 
164 	 SPAM 	 1 
165 	 SPAM 	 1 
166 	 SPAM 	 1 
167 	 SPAM 	 1 
168 	 SPAM 	 1 
169 	 SPAM 	 1 
170 	 SPAM 	 1 
171 	 SPAM 	 1 
172 	 SPAM 	 1 
173 	 SPAM 	 1 
174 	 SPAM 	 1 
175 	 SPAM 	 1 
176 	 SPAM 	 1 
177 	 SPAM 	 1 
178 	 SPAM 	 1 
179 	 SPAM 	 1 
180 	 SPAM 	 1 
181 	 SPAM 	 1 
182 	 SPAM 	 1 
183 	 SPAM 	 1 
184 	 SPAM 	 1 
185 	 SPAM 	 1 
186 	 SPAM 	 1 
187 	 SPAM 	 1 
188 	 SPAM 	 1 
189 	 SPAM 	 1 
190 	 SPAM 	 1 
191 	 SPAM 	 1 
192 	 SPAM 	 1 
193 	 SPAM 	 1 
194 	 SPAM 	 1 
195 	 SPAM 	 1 
196 	 SPAM 	 1 
197 	 SPAM 	 1 
198 	 SPAM 	 1 
199 	 SPAM 	 1 
200 	 SPAM 	 1 
201 	 SPAM 	 1 
202 	 SPAM 	 1 
203 	 SPAM 	 1 
204 	 SPAM 	 1 
205 	 SPAM 	 1 
206 	 SPAM 	 1 
207 	 SPAM 	 1 
208 	 SPAM 	 1 
209 	 SPAM 	 1 
210 	 SPAM 	 1 
211 	 SPAM 	 1 
212 	 SPAM 	 1 
213 	 SPAM 	 1 
214 	 SPAM 	 1 
215 	 SPAM 	 1 
216 	 SPAM 	 1 
217 	 SPAM 	 1 
218 	 SPAM 	 1 
219 	 SPAM 	 1 
220 	 SPAM 	 1 
221 	 SPAM 	 1 
222 	 SPAM 	 1 
223 	 SPAM 	 1 
224 	 SPAM 	 1 
225 	 SPAM 	 1 
226 	 SPAM 	 1 
227 	 SPAM 	 1 
228 	 SPAM 	 1 
229 	 SPAM 	 1 
230 	 SPAM 	 1 
231 	 SPAM 	 1 
232 	 SPAM 	 1 
233 	 SPAM 	 1 
234 	 SPAM 	 1 
235 	 SPAM 	 1 
236 	 SPAM 	 1 
237 	 SPAM 	 1 
238 	 SPAM 	 1 
239 	 SPAM 	 1 
240 	 SPAM 	 1 
241 	 SPAM 	 1 
242 	 SPAM 	 1 
243 	 SPAM 	 1 
244 	 SPAM 	 1 
245 	 SPAM 	 1 
246 	 SPAM 	 1 
247 	 SPAM 	 1 
248 	 SPAM 	 1 
249 	 SPAM 	 1 
250 	 SPAM 	 1 
251 	 SPAM 	 1 
252 	 SPAM 	 1 
253 	 SPAM 	 1 
254 	 SPAM 	 1 
255 	 SPAM 	 1 
256 	 SPAM 	 1 
257 	 SPAM 	 1 
258 	 SPAM 	 1 
259 	 SPAM 	 1 
260 	 SPAM 	 1 
261 	 SPAM 	 1 
262 	 SPAM 	 1 
263 	 SPAM 	 1 
264 	 SPAM 	 1 
265 	 SPAM 	 1 
266 	 SPAM 	 1 
267 	 SPAM 	 1 
268 	 SPAM 	 1 
269 	 SPAM 	 1 
270 	 SPAM 	 1 
271 	 SPAM 	 1 
272 	 SPAM 	 1 
273 	 SPAM 	 1 
274 	 SPAM 	 1 
275 	 SPAM 	 1 
276 	 SPAM 	 1 
277 	 SPAM 	 1 
278 	 SPAM 	 1 
279 	 SPAM 	 1 
280 	 SPAM 	 1 
281 	 SPAM 	 1 
282 	 SPAM 	 1 
283 	 SPAM 	 1 
284 	 SPAM 	 1 
285 	 SPAM 	 1 
286 	 SPAM 	 1 
287 	 SPAM 	 1 
288 	 SPAM 	 1 
289 	 SPAM 	 1 
290 	 SPAM 	 1 
291 	 SPAM 	 1 
292 	 SPAM 	 1 
293 	 SPAM 	 1 
294 	 SPAM 	 1 
295 	 SPAM 	 1 
296 	 SPAM 	 1 
297 	 SPAM 	 1 
298 	 SPAM 	 1 
299 	 SPAM 	 1 
300 	 SPAM 	 1 

HAM
Dictionary Size: 11471
Total Number of Words: 83207

SPAM
Dictionary Size: 9073
Total Number of Words: 78893